<?xml version="1.0" encoding="UTF-8"?>
<!-- Generated by org.testng.reporters.JUnitXMLReporter -->
<testsuite ignored="0" hostname="CharuArora" failures="0" tests="1" name="Test-1" time="69.457" errors="0" timestamp="2023-03-21T14:29:51 CET">
  <testcase classname="crossBrowser.TestDemo" name="titleCheck" time="69.251"/>
</testsuite> <!-- Test-1 -->
