<?xml version="1.0" encoding="UTF-8"?>
<!-- Generated by org.testng.reporters.JUnitXMLReporter -->
<testsuite ignored="0" hostname="CharuArora" failures="0" tests="1" name="Test-2" time="56.346" errors="0" timestamp="2023-03-21T14:24:05 CET">
  <testcase classname="crossBrowser.TestDemo" name="titleCheck" time="56.016"/>
</testsuite> <!-- Test-2 -->
