<?xml version="1.0" encoding="UTF-8"?>
<!-- Generated by org.testng.reporters.JUnitXMLReporter -->
<testsuite ignored="0" hostname="CharuArora" failures="0" tests="1" name="Test-0" time="9.078" errors="0" timestamp="2023-03-21T14:28:51 CET">
  <testcase classname="crossBrowser.TestDemo" name="titleCheck" time="8.822"/>
</testsuite> <!-- Test-0 -->
