<?xml version="1.0" encoding="UTF-8"?>
<!-- Generated by org.testng.reporters.JUnitReportReporter -->
<testsuite hostname="CharuArora" failures="0" tests="1" name="crossBrowser.TestDemo" time="8.822" errors="0" timestamp="2023-03-21T14:30:05 CET" skipped="0">
  <testcase classname="crossBrowser.TestDemo" name="titleCheck" time="8.822"/>
  <system-out/>
</testsuite> <!-- crossBrowser.TestDemo -->
