<?xml version="1.0" encoding="UTF-8"?>
<!-- Generated by org.testng.reporters.JUnitReportReporter -->
<testsuite hostname="CharuArora" failures="0" tests="2" name="crossBrowser.TestDemo2" time="73.072" errors="0" timestamp="2023-03-21T14:30:05 CET" skipped="0">
  <testcase classname="crossBrowser.TestDemo2" name="titleCheck" time="25.118"/>
  <system-out/>
  <testcase classname="crossBrowser.TestDemo2" name="titleCheck" time="47.954"/>
  <system-out/>
</testsuite> <!-- crossBrowser.TestDemo2 -->
